<?xml version="1.0" encoding="UTF-8"?>
<testsuite name="org.example.EmployeeTest" tests="1" skipped="0" failures="0" errors="0" timestamp="2024-06-04T16:43:49" hostname="DESKTOP-P910U50" time="0.016">
  <properties/>
  <testcase name="savesToFile()" classname="org.example.EmployeeTest" time="0.016"/>
  <system-out><![CDATA[]]></system-out>
  <system-err><![CDATA[SLF4J: Failed to load class "org.slf4j.impl.StaticLoggerBinder".
SLF4J: Defaulting to no-operation (NOP) logger implementation
SLF4J: See http://www.slf4j.org/codes.html#StaticLoggerBinder for further details.
]]></system-err>
</testsuite>
