<?xml version="1.0" encoding="UTF-8"?>
<testsuite name="org.example.impl.CharactersSetImplTest" tests="1" skipped="0" failures="0" errors="0" timestamp="2024-06-06T14:49:22" hostname="DESKTOP-P910U50" time="0.028">
  <properties/>
  <testcase name="intersectCharactersSet()" classname="org.example.impl.CharactersSetImplTest" time="0.028"/>
  <system-out><![CDATA[]]></system-out>
  <system-err><![CDATA[]]></system-err>
</testsuite>
