<?xml version="1.0" encoding="UTF-8"?>
<testsuite name="org.example.impl.StringCharactersHelperTest" tests="1" skipped="0" failures="0" errors="0" timestamp="2024-06-06T15:36:16" hostname="DESKTOP-P910U50" time="0.028">
  <properties/>
  <testcase name="subtractCharactersSet()" classname="org.example.impl.StringCharactersHelperTest" time="0.028"/>
  <system-out><![CDATA[]]></system-out>
  <system-err><![CDATA[]]></system-err>
</testsuite>
